[0.831s] DEBUG:colcon:Command line arguments: ['/usr/bin/colcon', 'build']
[0.831s] DEBUG:colcon:Parsed command line arguments: Namespace(log_base=None, log_level=None, verb_name='build', build_base='build', install_base='install', merge_install=False, symlink_install=False, test_result_base=None, continue_on_error=False, executor='parallel', parallel_workers=4, event_handlers=None, ignore_user_meta=False, metas=['./colcon.meta'], base_paths=['.'], packages_ignore=None, packages_ignore_regex=None, paths=None, packages_up_to=None, packages_up_to_regex=None, packages_above=None, packages_above_and_dependencies=None, packages_above_depth=None, packages_select_by_dep=None, packages_skip_by_dep=None, packages_skip_up_to=None, packages_select_build_failed=False, packages_skip_build_finished=False, packages_select_test_failures=False, packages_skip_test_passed=False, packages_select=None, packages_skip=None, packages_select_regex=None, packages_skip_regex=None, packages_start=None, packages_end=None, allow_overriding=[], cmake_args=None, cmake_target=None, cmake_target_skip_unavailable=False, cmake_clean_cache=False, cmake_clean_first=False, cmake_force_configure=False, ament_cmake_args=None, catkin_cmake_args=None, catkin_skip_building_tests=False, verb_parser=<colcon_defaults.argument_parser.defaults.DefaultArgumentsDecorator object at 0xffff94c2c580>, verb_extension=<colcon_core.verb.build.BuildVerb object at 0xffff94d498d0>, main=<bound method BuildVerb.main of <colcon_core.verb.build.BuildVerb object at 0xffff94d498d0>>)
[2.481s] Level 1:colcon.colcon_core.package_discovery:discover_packages(colcon_meta) check parameters
[2.482s] Level 1:colcon.colcon_core.package_discovery:discover_packages(recursive) check parameters
[2.482s] Level 1:colcon.colcon_core.package_discovery:discover_packages(ignore) check parameters
[2.482s] Level 1:colcon.colcon_core.package_discovery:discover_packages(path) check parameters
[2.482s] Level 1:colcon.colcon_core.package_discovery:discover_packages(colcon_meta) discover
[2.482s] Level 1:colcon.colcon_core.package_discovery:discover_packages(recursive) discover
[2.482s] INFO:colcon.colcon_core.package_discovery:Crawling recursively for packages in '/home/viver1/ros2_ws/src'
[2.483s] Level 1:colcon.colcon_core.package_identification:_identify(.) by extensions ['ignore', 'ignore_ament_install']
[2.483s] Level 1:colcon.colcon_core.package_identification:_identify(.) by extension 'ignore'
[2.483s] Level 1:colcon.colcon_core.package_identification:_identify(.) by extension 'ignore_ament_install'
[2.484s] Level 1:colcon.colcon_core.package_identification:_identify(.) by extensions ['colcon_pkg']
[2.484s] Level 1:colcon.colcon_core.package_identification:_identify(.) by extension 'colcon_pkg'
[2.484s] Level 1:colcon.colcon_core.package_identification:_identify(.) by extensions ['colcon_meta']
[2.484s] Level 1:colcon.colcon_core.package_identification:_identify(.) by extension 'colcon_meta'
[2.484s] Level 1:colcon.colcon_core.package_identification:_identify(.) by extensions ['ros']
[2.485s] Level 1:colcon.colcon_core.package_identification:_identify(.) by extension 'ros'
[2.568s] Level 1:colcon.colcon_core.package_identification:_identify(.) by extensions ['cmake', 'python']
[2.569s] Level 1:colcon.colcon_core.package_identification:_identify(.) by extension 'cmake'
[2.569s] Level 1:colcon.colcon_core.package_identification:_identify(.) by extension 'python'
[2.569s] Level 1:colcon.colcon_core.package_identification:_identify(.) by extensions ['python_setup_py']
[2.569s] Level 1:colcon.colcon_core.package_identification:_identify(.) by extension 'python_setup_py'
[2.570s] Level 1:colcon.colcon_core.package_identification:_identify(build) by extensions ['ignore', 'ignore_ament_install']
[2.571s] Level 1:colcon.colcon_core.package_identification:_identify(build) by extension 'ignore'
[2.571s] Level 1:colcon.colcon_core.package_identification:_identify(build) ignored
[2.572s] Level 1:colcon.colcon_core.package_identification:_identify(camera) by extensions ['ignore', 'ignore_ament_install']
[2.573s] Level 1:colcon.colcon_core.package_identification:_identify(camera) by extension 'ignore'
[2.573s] Level 1:colcon.colcon_core.package_identification:_identify(camera) by extension 'ignore_ament_install'
[2.573s] Level 1:colcon.colcon_core.package_identification:_identify(camera) by extensions ['colcon_pkg']
[2.574s] Level 1:colcon.colcon_core.package_identification:_identify(camera) by extension 'colcon_pkg'
[2.575s] Level 1:colcon.colcon_core.package_identification:_identify(camera) by extensions ['colcon_meta']
[2.575s] Level 1:colcon.colcon_core.package_identification:_identify(camera) by extension 'colcon_meta'
[2.576s] Level 1:colcon.colcon_core.package_identification:_identify(camera) by extensions ['ros']
[2.576s] Level 1:colcon.colcon_core.package_identification:_identify(camera) by extension 'ros'
[2.576s] Level 1:colcon.colcon_core.package_identification:_identify(camera) by extensions ['cmake', 'python']
[2.577s] Level 1:colcon.colcon_core.package_identification:_identify(camera) by extension 'cmake'
[2.577s] Level 1:colcon.colcon_core.package_identification:_identify(camera) by extension 'python'
[2.577s] Level 1:colcon.colcon_core.package_identification:_identify(camera) by extensions ['python_setup_py']
[2.577s] Level 1:colcon.colcon_core.package_identification:_identify(camera) by extension 'python_setup_py'
[2.578s] Level 1:colcon.colcon_core.package_identification:_identify(cmp10a_imu) by extensions ['ignore', 'ignore_ament_install']
[2.578s] Level 1:colcon.colcon_core.package_identification:_identify(cmp10a_imu) by extension 'ignore'
[2.578s] Level 1:colcon.colcon_core.package_identification:_identify(cmp10a_imu) by extension 'ignore_ament_install'
[2.579s] Level 1:colcon.colcon_core.package_identification:_identify(cmp10a_imu) by extensions ['colcon_pkg']
[2.579s] Level 1:colcon.colcon_core.package_identification:_identify(cmp10a_imu) by extension 'colcon_pkg'
[2.579s] Level 1:colcon.colcon_core.package_identification:_identify(cmp10a_imu) by extensions ['colcon_meta']
[2.579s] Level 1:colcon.colcon_core.package_identification:_identify(cmp10a_imu) by extension 'colcon_meta'
[2.579s] Level 1:colcon.colcon_core.package_identification:_identify(cmp10a_imu) by extensions ['ros']
[2.579s] Level 1:colcon.colcon_core.package_identification:_identify(cmp10a_imu) by extension 'ros'
[2.594s] DEBUG:colcon.colcon_core.package_identification:Package 'cmp10a_imu' with type 'ros.ament_python' and name 'cmp10a_imu'
[2.595s] Level 1:colcon.colcon_core.package_identification:_identify(data_transmitter) by extensions ['ignore', 'ignore_ament_install']
[2.595s] Level 1:colcon.colcon_core.package_identification:_identify(data_transmitter) by extension 'ignore'
[2.596s] Level 1:colcon.colcon_core.package_identification:_identify(data_transmitter) by extension 'ignore_ament_install'
[2.597s] Level 1:colcon.colcon_core.package_identification:_identify(data_transmitter) by extensions ['colcon_pkg']
[2.598s] Level 1:colcon.colcon_core.package_identification:_identify(data_transmitter) by extension 'colcon_pkg'
[2.598s] Level 1:colcon.colcon_core.package_identification:_identify(data_transmitter) by extensions ['colcon_meta']
[2.599s] Level 1:colcon.colcon_core.package_identification:_identify(data_transmitter) by extension 'colcon_meta'
[2.600s] Level 1:colcon.colcon_core.package_identification:_identify(data_transmitter) by extensions ['ros']
[2.600s] Level 1:colcon.colcon_core.package_identification:_identify(data_transmitter) by extension 'ros'
[2.605s] DEBUG:colcon.colcon_core.package_identification:Package 'data_transmitter' with type 'ros.ament_python' and name 'data_transmitter'
[2.607s] Level 1:colcon.colcon_core.package_identification:_identify(install) by extensions ['ignore', 'ignore_ament_install']
[2.607s] Level 1:colcon.colcon_core.package_identification:_identify(install) by extension 'ignore'
[2.608s] Level 1:colcon.colcon_core.package_identification:_identify(install) ignored
[2.609s] Level 1:colcon.colcon_core.package_identification:_identify(log) by extensions ['ignore', 'ignore_ament_install']
[2.611s] Level 1:colcon.colcon_core.package_identification:_identify(log) by extension 'ignore'
[2.611s] Level 1:colcon.colcon_core.package_identification:_identify(log) ignored
[2.611s] Level 1:colcon.colcon_core.package_discovery:discover_packages(recursive) using defaults
[2.612s] Level 1:colcon.colcon_core.package_discovery:discover_packages(ignore) discover
[2.612s] Level 1:colcon.colcon_core.package_discovery:discover_packages(ignore) using defaults
[2.612s] Level 1:colcon.colcon_core.package_discovery:discover_packages(path) discover
[2.612s] Level 1:colcon.colcon_core.package_discovery:discover_packages(path) using defaults
[2.753s] Level 1:colcon.colcon_core.package_discovery:discover_packages(prefix_path) check parameters
[2.753s] Level 1:colcon.colcon_core.package_discovery:discover_packages(prefix_path) discover
[2.781s] DEBUG:colcon.colcon_installed_package_information.package_discovery:Found 282 installed packages in /opt/ros/humble
[2.789s] Level 1:colcon.colcon_core.package_discovery:discover_packages(prefix_path) using defaults
[3.210s] Level 5:colcon.colcon_core.verb:set package 'cmp10a_imu' build argument 'cmake_args' from command line to 'None'
[3.210s] Level 5:colcon.colcon_core.verb:set package 'cmp10a_imu' build argument 'cmake_target' from command line to 'None'
[3.210s] Level 5:colcon.colcon_core.verb:set package 'cmp10a_imu' build argument 'cmake_target_skip_unavailable' from command line to 'False'
[3.210s] Level 5:colcon.colcon_core.verb:set package 'cmp10a_imu' build argument 'cmake_clean_cache' from command line to 'False'
[3.210s] Level 5:colcon.colcon_core.verb:set package 'cmp10a_imu' build argument 'cmake_clean_first' from command line to 'False'
[3.210s] Level 5:colcon.colcon_core.verb:set package 'cmp10a_imu' build argument 'cmake_force_configure' from command line to 'False'
[3.211s] Level 5:colcon.colcon_core.verb:set package 'cmp10a_imu' build argument 'ament_cmake_args' from command line to 'None'
[3.211s] Level 5:colcon.colcon_core.verb:set package 'cmp10a_imu' build argument 'catkin_cmake_args' from command line to 'None'
[3.211s] Level 5:colcon.colcon_core.verb:set package 'cmp10a_imu' build argument 'catkin_skip_building_tests' from command line to 'False'
[3.211s] DEBUG:colcon.colcon_core.verb:Building package 'cmp10a_imu' with the following arguments: {'ament_cmake_args': None, 'build_base': '/home/viver1/ros2_ws/src/build/cmp10a_imu', 'catkin_cmake_args': None, 'catkin_skip_building_tests': False, 'cmake_args': None, 'cmake_clean_cache': False, 'cmake_clean_first': False, 'cmake_force_configure': False, 'cmake_target': None, 'cmake_target_skip_unavailable': False, 'install_base': '/home/viver1/ros2_ws/src/install/cmp10a_imu', 'merge_install': False, 'path': '/home/viver1/ros2_ws/src/cmp10a_imu', 'symlink_install': False, 'test_result_base': None}
[3.213s] Level 5:colcon.colcon_core.verb:set package 'data_transmitter' build argument 'cmake_args' from command line to 'None'
[3.213s] Level 5:colcon.colcon_core.verb:set package 'data_transmitter' build argument 'cmake_target' from command line to 'None'
[3.213s] Level 5:colcon.colcon_core.verb:set package 'data_transmitter' build argument 'cmake_target_skip_unavailable' from command line to 'False'
[3.213s] Level 5:colcon.colcon_core.verb:set package 'data_transmitter' build argument 'cmake_clean_cache' from command line to 'False'
[3.213s] Level 5:colcon.colcon_core.verb:set package 'data_transmitter' build argument 'cmake_clean_first' from command line to 'False'
[3.213s] Level 5:colcon.colcon_core.verb:set package 'data_transmitter' build argument 'cmake_force_configure' from command line to 'False'
[3.213s] Level 5:colcon.colcon_core.verb:set package 'data_transmitter' build argument 'ament_cmake_args' from command line to 'None'
[3.213s] Level 5:colcon.colcon_core.verb:set package 'data_transmitter' build argument 'catkin_cmake_args' from command line to 'None'
[3.214s] Level 5:colcon.colcon_core.verb:set package 'data_transmitter' build argument 'catkin_skip_building_tests' from command line to 'False'
[3.214s] DEBUG:colcon.colcon_core.verb:Building package 'data_transmitter' with the following arguments: {'ament_cmake_args': None, 'build_base': '/home/viver1/ros2_ws/src/build/data_transmitter', 'catkin_cmake_args': None, 'catkin_skip_building_tests': False, 'cmake_args': None, 'cmake_clean_cache': False, 'cmake_clean_first': False, 'cmake_force_configure': False, 'cmake_target': None, 'cmake_target_skip_unavailable': False, 'install_base': '/home/viver1/ros2_ws/src/install/data_transmitter', 'merge_install': False, 'path': '/home/viver1/ros2_ws/src/data_transmitter', 'symlink_install': False, 'test_result_base': None}
[3.214s] INFO:colcon.colcon_core.executor:Executing jobs using 'parallel' executor
[3.218s] DEBUG:colcon.colcon_parallel_executor.executor.parallel:run_until_complete
[3.219s] INFO:colcon.colcon_ros.task.ament_python.build:Building ROS package in '/home/viver1/ros2_ws/src/cmp10a_imu' with build type 'ament_python'
[3.220s] Level 1:colcon.colcon_core.shell:create_environment_hook('cmp10a_imu', 'ament_prefix_path')
[3.242s] INFO:colcon.colcon_core.plugin_system:Skipping extension 'colcon_core.shell.bat': Not used on non-Windows systems
[3.245s] INFO:colcon.colcon_core.shell:Creating environment hook '/home/viver1/ros2_ws/src/install/cmp10a_imu/share/cmp10a_imu/hook/ament_prefix_path.ps1'
[3.254s] INFO:colcon.colcon_core.shell:Creating environment descriptor '/home/viver1/ros2_ws/src/install/cmp10a_imu/share/cmp10a_imu/hook/ament_prefix_path.dsv'
[3.258s] INFO:colcon.colcon_core.shell:Creating environment hook '/home/viver1/ros2_ws/src/install/cmp10a_imu/share/cmp10a_imu/hook/ament_prefix_path.sh'
[3.263s] INFO:colcon.colcon_core.shell:Skip shell extension 'powershell' for command environment: Not usable outside of PowerShell
[3.264s] DEBUG:colcon.colcon_core.shell:Skip shell extension 'dsv' for command environment
[3.290s] INFO:colcon.colcon_ros.task.ament_python.build:Building ROS package in '/home/viver1/ros2_ws/src/data_transmitter' with build type 'ament_python'
[3.293s] Level 1:colcon.colcon_core.shell:create_environment_hook('data_transmitter', 'ament_prefix_path')
[3.296s] INFO:colcon.colcon_core.shell:Creating environment hook '/home/viver1/ros2_ws/src/install/data_transmitter/share/data_transmitter/hook/ament_prefix_path.ps1'
[3.306s] INFO:colcon.colcon_core.shell:Creating environment descriptor '/home/viver1/ros2_ws/src/install/data_transmitter/share/data_transmitter/hook/ament_prefix_path.dsv'
[3.311s] INFO:colcon.colcon_core.shell:Creating environment hook '/home/viver1/ros2_ws/src/install/data_transmitter/share/data_transmitter/hook/ament_prefix_path.sh'
[3.316s] INFO:colcon.colcon_core.shell:Skip shell extension 'powershell' for command environment: Not usable outside of PowerShell
[3.317s] DEBUG:colcon.colcon_core.shell:Skip shell extension 'dsv' for command environment
[5.440s] INFO:colcon.colcon_core.task.python.build:Building Python package in '/home/viver1/ros2_ws/src/cmp10a_imu'
[5.444s] INFO:colcon.colcon_core.shell:Skip shell extension 'powershell' for command environment: Not usable outside of PowerShell
[5.444s] DEBUG:colcon.colcon_core.shell:Skip shell extension 'dsv' for command environment
[7.072s] INFO:colcon.colcon_core.task.python.build:Building Python package in '/home/viver1/ros2_ws/src/data_transmitter'
[7.073s] INFO:colcon.colcon_core.shell:Skip shell extension 'powershell' for command environment: Not usable outside of PowerShell
[7.073s] DEBUG:colcon.colcon_core.shell:Skip shell extension 'dsv' for command environment
[9.749s] DEBUG:colcon.colcon_core.event_handler.log_command:Invoking command in '/home/viver1/ros2_ws/src/data_transmitter': PYTHONPATH=/home/viver1/ros2_ws/src/build/data_transmitter/prefix_override:/usr/lib/python3/dist-packages/colcon_core/task/python/colcon_distutils_commands:/home/viver1/ros2_ws/src/install/data_transmitter/lib/python3.10/site-packages:${PYTHONPATH} /usr/bin/python3 -W ignore:setup.py install is deprecated -W ignore:easy_install command is deprecated setup.py egg_info --egg-base ../build/data_transmitter build --build-base /home/viver1/ros2_ws/src/build/data_transmitter/build install --record /home/viver1/ros2_ws/src/build/data_transmitter/install.log --single-version-externally-managed install_data
[9.796s] DEBUG:colcon.colcon_core.event_handler.log_command:Invoking command in '/home/viver1/ros2_ws/src/cmp10a_imu': PYTHONPATH=/home/viver1/ros2_ws/src/build/cmp10a_imu/prefix_override:/usr/lib/python3/dist-packages/colcon_core/task/python/colcon_distutils_commands:/home/viver1/ros2_ws/src/install/cmp10a_imu/lib/python3.10/site-packages:${PYTHONPATH} /usr/bin/python3 -W ignore:setup.py install is deprecated -W ignore:easy_install command is deprecated setup.py egg_info --egg-base ../build/cmp10a_imu build --build-base /home/viver1/ros2_ws/src/build/cmp10a_imu/build install --record /home/viver1/ros2_ws/src/build/cmp10a_imu/install.log --single-version-externally-managed install_data
[12.171s] DEBUG:colcon.colcon_core.event_handler.log_command:Invoked command in '/home/viver1/ros2_ws/src/data_transmitter' returned '0': PYTHONPATH=/home/viver1/ros2_ws/src/build/data_transmitter/prefix_override:/usr/lib/python3/dist-packages/colcon_core/task/python/colcon_distutils_commands:/home/viver1/ros2_ws/src/install/data_transmitter/lib/python3.10/site-packages:${PYTHONPATH} /usr/bin/python3 -W ignore:setup.py install is deprecated -W ignore:easy_install command is deprecated setup.py egg_info --egg-base ../build/data_transmitter build --build-base /home/viver1/ros2_ws/src/build/data_transmitter/build install --record /home/viver1/ros2_ws/src/build/data_transmitter/install.log --single-version-externally-managed install_data
[12.213s] Level 1:colcon.colcon_core.environment:checking '/home/viver1/ros2_ws/src/install/data_transmitter' for CMake module files
[12.217s] Level 1:colcon.colcon_core.environment:checking '/home/viver1/ros2_ws/src/install/data_transmitter' for CMake config files
[12.223s] Level 1:colcon.colcon_core.environment:checking '/home/viver1/ros2_ws/src/install/data_transmitter/lib'
[12.224s] Level 1:colcon.colcon_core.environment:checking '/home/viver1/ros2_ws/src/install/data_transmitter/bin'
[12.225s] Level 1:colcon.colcon_core.environment:checking '/home/viver1/ros2_ws/src/install/data_transmitter/lib/pkgconfig/data_transmitter.pc'
[12.226s] Level 1:colcon.colcon_core.environment:checking '/home/viver1/ros2_ws/src/install/data_transmitter/lib/python3.10/site-packages'
[12.228s] Level 1:colcon.colcon_core.shell:create_environment_hook('data_transmitter', 'pythonpath')
[12.229s] INFO:colcon.colcon_core.shell:Creating environment hook '/home/viver1/ros2_ws/src/install/data_transmitter/share/data_transmitter/hook/pythonpath.ps1'
[12.231s] INFO:colcon.colcon_core.shell:Creating environment descriptor '/home/viver1/ros2_ws/src/install/data_transmitter/share/data_transmitter/hook/pythonpath.dsv'
[12.235s] INFO:colcon.colcon_core.shell:Creating environment hook '/home/viver1/ros2_ws/src/install/data_transmitter/share/data_transmitter/hook/pythonpath.sh'
[12.239s] Level 1:colcon.colcon_core.environment:checking '/home/viver1/ros2_ws/src/install/data_transmitter/bin'
[12.240s] Level 1:colcon.colcon_core.environment:create_environment_scripts_only(data_transmitter)
[12.242s] INFO:colcon.colcon_core.shell:Creating package script '/home/viver1/ros2_ws/src/install/data_transmitter/share/data_transmitter/package.ps1'
[12.247s] INFO:colcon.colcon_core.shell:Creating package descriptor '/home/viver1/ros2_ws/src/install/data_transmitter/share/data_transmitter/package.dsv'
[12.251s] INFO:colcon.colcon_core.shell:Creating package script '/home/viver1/ros2_ws/src/install/data_transmitter/share/data_transmitter/package.sh'
[12.257s] INFO:colcon.colcon_core.shell:Creating package script '/home/viver1/ros2_ws/src/install/data_transmitter/share/data_transmitter/package.bash'
[12.262s] INFO:colcon.colcon_core.shell:Creating package script '/home/viver1/ros2_ws/src/install/data_transmitter/share/data_transmitter/package.zsh'
[12.265s] Level 1:colcon.colcon_core.environment:create_file_with_runtime_dependencies(/home/viver1/ros2_ws/src/install/data_transmitter/share/colcon-core/packages/data_transmitter)
[12.273s] Level 1:colcon.colcon_core.environment:checking '/home/viver1/ros2_ws/src/install/cmp10a_imu' for CMake module files
[12.280s] DEBUG:colcon.colcon_core.event_handler.log_command:Invoked command in '/home/viver1/ros2_ws/src/cmp10a_imu' returned '0': PYTHONPATH=/home/viver1/ros2_ws/src/build/cmp10a_imu/prefix_override:/usr/lib/python3/dist-packages/colcon_core/task/python/colcon_distutils_commands:/home/viver1/ros2_ws/src/install/cmp10a_imu/lib/python3.10/site-packages:${PYTHONPATH} /usr/bin/python3 -W ignore:setup.py install is deprecated -W ignore:easy_install command is deprecated setup.py egg_info --egg-base ../build/cmp10a_imu build --build-base /home/viver1/ros2_ws/src/build/cmp10a_imu/build install --record /home/viver1/ros2_ws/src/build/cmp10a_imu/install.log --single-version-externally-managed install_data
[12.284s] Level 1:colcon.colcon_core.environment:checking '/home/viver1/ros2_ws/src/install/cmp10a_imu' for CMake config files
[12.295s] Level 1:colcon.colcon_core.environment:checking '/home/viver1/ros2_ws/src/install/cmp10a_imu/lib'
[12.297s] Level 1:colcon.colcon_core.environment:checking '/home/viver1/ros2_ws/src/install/cmp10a_imu/bin'
[12.298s] Level 1:colcon.colcon_core.environment:checking '/home/viver1/ros2_ws/src/install/cmp10a_imu/lib/pkgconfig/cmp10a_imu.pc'
[12.301s] Level 1:colcon.colcon_core.environment:checking '/home/viver1/ros2_ws/src/install/cmp10a_imu/lib/python3.10/site-packages'
[12.301s] Level 1:colcon.colcon_core.shell:create_environment_hook('cmp10a_imu', 'pythonpath')
[12.303s] INFO:colcon.colcon_core.shell:Creating environment hook '/home/viver1/ros2_ws/src/install/cmp10a_imu/share/cmp10a_imu/hook/pythonpath.ps1'
[12.308s] INFO:colcon.colcon_core.shell:Creating environment descriptor '/home/viver1/ros2_ws/src/install/cmp10a_imu/share/cmp10a_imu/hook/pythonpath.dsv'
[12.311s] INFO:colcon.colcon_core.shell:Creating environment hook '/home/viver1/ros2_ws/src/install/cmp10a_imu/share/cmp10a_imu/hook/pythonpath.sh'
[12.315s] Level 1:colcon.colcon_core.environment:checking '/home/viver1/ros2_ws/src/install/cmp10a_imu/bin'
[12.315s] Level 1:colcon.colcon_core.environment:create_environment_scripts_only(cmp10a_imu)
[12.316s] INFO:colcon.colcon_core.shell:Creating package script '/home/viver1/ros2_ws/src/install/cmp10a_imu/share/cmp10a_imu/package.ps1'
[12.319s] INFO:colcon.colcon_core.shell:Creating package descriptor '/home/viver1/ros2_ws/src/install/cmp10a_imu/share/cmp10a_imu/package.dsv'
[12.321s] INFO:colcon.colcon_core.shell:Creating package script '/home/viver1/ros2_ws/src/install/cmp10a_imu/share/cmp10a_imu/package.sh'
[12.323s] INFO:colcon.colcon_core.shell:Creating package script '/home/viver1/ros2_ws/src/install/cmp10a_imu/share/cmp10a_imu/package.bash'
[12.325s] INFO:colcon.colcon_core.shell:Creating package script '/home/viver1/ros2_ws/src/install/cmp10a_imu/share/cmp10a_imu/package.zsh'
[12.328s] Level 1:colcon.colcon_core.environment:create_file_with_runtime_dependencies(/home/viver1/ros2_ws/src/install/cmp10a_imu/share/colcon-core/packages/cmp10a_imu)
[12.335s] DEBUG:colcon.colcon_parallel_executor.executor.parallel:closing loop
[12.336s] DEBUG:colcon.colcon_parallel_executor.executor.parallel:loop closed
[12.337s] DEBUG:colcon.colcon_parallel_executor.executor.parallel:run_until_complete finished with '0'
[12.337s] DEBUG:colcon.colcon_core.event_reactor:joining thread
[12.377s] INFO:colcon.colcon_core.plugin_system:Skipping extension 'colcon_notification.desktop_notification.terminal_notifier': Not used on non-Darwin systems
[12.378s] INFO:colcon.colcon_core.plugin_system:Skipping extension 'colcon_notification.desktop_notification.win32': Not used on non-Windows systems
[12.379s] INFO:colcon.colcon_notification.desktop_notification:Sending desktop notification using 'notify2'
[12.441s] DEBUG:colcon.colcon_core.event_reactor:joined thread
[12.443s] INFO:colcon.colcon_core.shell:Creating prefix script '/home/viver1/ros2_ws/src/install/local_setup.ps1'
[12.447s] INFO:colcon.colcon_core.shell:Creating prefix util module '/home/viver1/ros2_ws/src/install/_local_setup_util_ps1.py'
[12.457s] INFO:colcon.colcon_core.shell:Creating prefix chain script '/home/viver1/ros2_ws/src/install/setup.ps1'
[12.472s] INFO:colcon.colcon_core.shell:Creating prefix script '/home/viver1/ros2_ws/src/install/local_setup.sh'
[12.479s] INFO:colcon.colcon_core.shell:Creating prefix util module '/home/viver1/ros2_ws/src/install/_local_setup_util_sh.py'
[12.485s] INFO:colcon.colcon_core.shell:Creating prefix chain script '/home/viver1/ros2_ws/src/install/setup.sh'
[12.492s] INFO:colcon.colcon_core.shell:Creating prefix script '/home/viver1/ros2_ws/src/install/local_setup.bash'
[12.497s] INFO:colcon.colcon_core.shell:Creating prefix chain script '/home/viver1/ros2_ws/src/install/setup.bash'
[12.507s] INFO:colcon.colcon_core.shell:Creating prefix script '/home/viver1/ros2_ws/src/install/local_setup.zsh'
[12.514s] INFO:colcon.colcon_core.shell:Creating prefix chain script '/home/viver1/ros2_ws/src/install/setup.zsh'
