running egg_info
creating ../build/data_transmitter/data_transmitter.egg-info
writing ../build/data_transmitter/data_transmitter.egg-info/PKG-INFO
writing dependency_links to ../build/data_transmitter/data_transmitter.egg-info/dependency_links.txt
writing entry points to ../build/data_transmitter/data_transmitter.egg-info/entry_points.txt
writing requirements to ../build/data_transmitter/data_transmitter.egg-info/requires.txt
writing top-level names to ../build/data_transmitter/data_transmitter.egg-info/top_level.txt
writing manifest file '../build/data_transmitter/data_transmitter.egg-info/SOURCES.txt'
reading manifest file '../build/data_transmitter/data_transmitter.egg-info/SOURCES.txt'
writing manifest file '../build/data_transmitter/data_transmitter.egg-info/SOURCES.txt'
running build
running build_py
creating /home/viver1/ros2_ws/src/build/data_transmitter/build
creating /home/viver1/ros2_ws/src/build/data_transmitter/build/lib
creating /home/viver1/ros2_ws/src/build/data_transmitter/build/lib/data_transmitter
copying data_transmitter/data_sender.py -> /home/viver1/ros2_ws/src/build/data_transmitter/build/lib/data_transmitter
copying data_transmitter/image_sender.py -> /home/viver1/ros2_ws/src/build/data_transmitter/build/lib/data_transmitter
copying data_transmitter/__init__.py -> /home/viver1/ros2_ws/src/build/data_transmitter/build/lib/data_transmitter
copying data_transmitter/tcp_teleop_single.py -> /home/viver1/ros2_ws/src/build/data_transmitter/build/lib/data_transmitter
copying data_transmitter/stereo_image_processor.py -> /home/viver1/ros2_ws/src/build/data_transmitter/build/lib/data_transmitter
copying data_transmitter/image_receiver_single.py -> /home/viver1/ros2_ws/src/build/data_transmitter/build/lib/data_transmitter
running install
running install_lib
creating /home/viver1/ros2_ws/src/install/data_transmitter/lib/python3.10/site-packages/data_transmitter
copying /home/viver1/ros2_ws/src/build/data_transmitter/build/lib/data_transmitter/data_sender.py -> /home/viver1/ros2_ws/src/install/data_transmitter/lib/python3.10/site-packages/data_transmitter
copying /home/viver1/ros2_ws/src/build/data_transmitter/build/lib/data_transmitter/image_sender.py -> /home/viver1/ros2_ws/src/install/data_transmitter/lib/python3.10/site-packages/data_transmitter
copying /home/viver1/ros2_ws/src/build/data_transmitter/build/lib/data_transmitter/__init__.py -> /home/viver1/ros2_ws/src/install/data_transmitter/lib/python3.10/site-packages/data_transmitter
copying /home/viver1/ros2_ws/src/build/data_transmitter/build/lib/data_transmitter/tcp_teleop_single.py -> /home/viver1/ros2_ws/src/install/data_transmitter/lib/python3.10/site-packages/data_transmitter
copying /home/viver1/ros2_ws/src/build/data_transmitter/build/lib/data_transmitter/stereo_image_processor.py -> /home/viver1/ros2_ws/src/install/data_transmitter/lib/python3.10/site-packages/data_transmitter
copying /home/viver1/ros2_ws/src/build/data_transmitter/build/lib/data_transmitter/image_receiver_single.py -> /home/viver1/ros2_ws/src/install/data_transmitter/lib/python3.10/site-packages/data_transmitter
byte-compiling /home/viver1/ros2_ws/src/install/data_transmitter/lib/python3.10/site-packages/data_transmitter/data_sender.py to data_sender.cpython-310.pyc
byte-compiling /home/viver1/ros2_ws/src/install/data_transmitter/lib/python3.10/site-packages/data_transmitter/image_sender.py to image_sender.cpython-310.pyc
byte-compiling /home/viver1/ros2_ws/src/install/data_transmitter/lib/python3.10/site-packages/data_transmitter/__init__.py to __init__.cpython-310.pyc
byte-compiling /home/viver1/ros2_ws/src/install/data_transmitter/lib/python3.10/site-packages/data_transmitter/tcp_teleop_single.py to tcp_teleop_single.cpython-310.pyc
byte-compiling /home/viver1/ros2_ws/src/install/data_transmitter/lib/python3.10/site-packages/data_transmitter/stereo_image_processor.py to stereo_image_processor.cpython-310.pyc
byte-compiling /home/viver1/ros2_ws/src/install/data_transmitter/lib/python3.10/site-packages/data_transmitter/image_receiver_single.py to image_receiver_single.cpython-310.pyc
running install_data
creating /home/viver1/ros2_ws/src/install/data_transmitter/share/ament_index
creating /home/viver1/ros2_ws/src/install/data_transmitter/share/ament_index/resource_index
creating /home/viver1/ros2_ws/src/install/data_transmitter/share/ament_index/resource_index/packages
copying resource/data_transmitter -> /home/viver1/ros2_ws/src/install/data_transmitter/share/ament_index/resource_index/packages
copying package.xml -> /home/viver1/ros2_ws/src/install/data_transmitter/share/data_transmitter
running install_egg_info
Copying ../build/data_transmitter/data_transmitter.egg-info to /home/viver1/ros2_ws/src/install/data_transmitter/lib/python3.10/site-packages/data_transmitter-0.0.0-py3.10.egg-info
running install_scripts
Installing data_sender script to /home/viver1/ros2_ws/src/install/data_transmitter/lib/data_transmitter
Installing image_sender script to /home/viver1/ros2_ws/src/install/data_transmitter/lib/data_transmitter
Installing stereo_image_processor script to /home/viver1/ros2_ws/src/install/data_transmitter/lib/data_transmitter
writing list of installed files to '/home/viver1/ros2_ws/src/build/data_transmitter/install.log'
