/home/viver1/ros2_ws/src/install/data_transmitter/lib/python3.10/site-packages/data_transmitter/data_sender.py
/home/viver1/ros2_ws/src/install/data_transmitter/lib/python3.10/site-packages/data_transmitter/image_sender.py
/home/viver1/ros2_ws/src/install/data_transmitter/lib/python3.10/site-packages/data_transmitter/__init__.py
/home/viver1/ros2_ws/src/install/data_transmitter/lib/python3.10/site-packages/data_transmitter/tcp_teleop_single.py
/home/viver1/ros2_ws/src/install/data_transmitter/lib/python3.10/site-packages/data_transmitter/stereo_image_processor.py
/home/viver1/ros2_ws/src/install/data_transmitter/lib/python3.10/site-packages/data_transmitter/image_receiver_single.py
/home/viver1/ros2_ws/src/install/data_transmitter/lib/python3.10/site-packages/data_transmitter/__pycache__/data_sender.cpython-310.pyc
/home/viver1/ros2_ws/src/install/data_transmitter/lib/python3.10/site-packages/data_transmitter/__pycache__/image_sender.cpython-310.pyc
/home/viver1/ros2_ws/src/install/data_transmitter/lib/python3.10/site-packages/data_transmitter/__pycache__/__init__.cpython-310.pyc
/home/viver1/ros2_ws/src/install/data_transmitter/lib/python3.10/site-packages/data_transmitter/__pycache__/tcp_teleop_single.cpython-310.pyc
/home/viver1/ros2_ws/src/install/data_transmitter/lib/python3.10/site-packages/data_transmitter/__pycache__/stereo_image_processor.cpython-310.pyc
/home/viver1/ros2_ws/src/install/data_transmitter/lib/python3.10/site-packages/data_transmitter/__pycache__/image_receiver_single.cpython-310.pyc
/home/viver1/ros2_ws/src/install/data_transmitter/share/ament_index/resource_index/packages/data_transmitter
/home/viver1/ros2_ws/src/install/data_transmitter/share/data_transmitter/package.xml
/home/viver1/ros2_ws/src/install/data_transmitter/lib/python3.10/site-packages/data_transmitter-0.0.0-py3.10.egg-info/zip-safe
/home/viver1/ros2_ws/src/install/data_transmitter/lib/python3.10/site-packages/data_transmitter-0.0.0-py3.10.egg-info/PKG-INFO
/home/viver1/ros2_ws/src/install/data_transmitter/lib/python3.10/site-packages/data_transmitter-0.0.0-py3.10.egg-info/top_level.txt
/home/viver1/ros2_ws/src/install/data_transmitter/lib/python3.10/site-packages/data_transmitter-0.0.0-py3.10.egg-info/requires.txt
/home/viver1/ros2_ws/src/install/data_transmitter/lib/python3.10/site-packages/data_transmitter-0.0.0-py3.10.egg-info/entry_points.txt
/home/viver1/ros2_ws/src/install/data_transmitter/lib/python3.10/site-packages/data_transmitter-0.0.0-py3.10.egg-info/dependency_links.txt
/home/viver1/ros2_ws/src/install/data_transmitter/lib/python3.10/site-packages/data_transmitter-0.0.0-py3.10.egg-info/SOURCES.txt
/home/viver1/ros2_ws/src/install/data_transmitter/lib/data_transmitter/data_sender
/home/viver1/ros2_ws/src/install/data_transmitter/lib/data_transmitter/image_sender
/home/viver1/ros2_ws/src/install/data_transmitter/lib/data_transmitter/stereo_image_processor
